ď»ż
> qcm-app@0.1.0 build
> next build

   Ă”Ă»â–“ Next.js 15.1.6
   - Environments: .env.local

   Creating an optimized production build ...
 Ă”ÂŁĂ´ Compiled successfully
   Linting and checking validity of types ...
npm :  Ă”ÂżÂ» ESLint: 
Cannot find module 'D:
\Antigravity-project\Q
CM-Application\qcm-app
\node_modules\eslint-c
onfig-next\core-web-vi
tals' imported from D:
\Antigravity-project\Q
CM-Application\qcm-app
\eslint.config.mjs 
Did you mean to 
import "eslint-config-
next/core-web-vitals.j
s"?
Au caractĂ¨re Ligne:1 
: 1
+ npm run build > 
build_error_diag.log 
2>&1
+ ~~~~~~~~~~~~~~~~~~~~
~~~~~~~~~~~~~~~~~~~~~
    + CategoryInfo    
          : NotSpeci  
  fied: ( Ă”ÂżÂ» ESLin   
 t: Ca...web-vital    
s.js"?:String) []    
, RemoteException
    + FullyQualifiedE 
   rrorId : NativeCo  
  mmandError
 
   Collecting page data ...
   Generating static pages (0/47) ...
   Generating static pages (11/47) 
   Generating static pages (23/47) 
   Generating static pages (35/47) 
 Ă”ÂŁĂ´ Generating static pages (47/47)
   Finalizing page optimization ...
   Collecting build traces ...

Route (app)                              Size     First Load JS
Ă”Ă¶Ă® Ă”ĂąĂŻ /                                    7.82 kB         305 kB
Ă”Ă¶ÂŁ Ă”ĂąĂŻ /_not-found                          154 B           106 kB
Ă”Ă¶ÂŁ Ă”ĂąĂŻ /about                               184 B           110 kB
Ă”Ă¶ÂŁ Ă”ĂąĂŻ /admin                               3.5 kB          254 kB
Ă”Ă¶ÂŁ Ă”ĂąĂŻ /admin/clean-variantes               4.49 kB         246 kB
Ă”Ă¶ÂŁ Ă”ĂąĂŻ /admin/deduplicate                   4.79 kB         247 kB
Ă”Ă¶ÂŁ Ă”ĂąĂŻ /admin/import                        9.36 kB         390 kB
Ă”Ă¶ÂŁ Ă”ĂąĂŻ /admin/questions                     4.6 kB          393 kB
Ă”Ă¶ÂŁ Ă”ĂąĂŻ /admin/questions/edit                2.94 kB         249 kB
Ă”Ă¶ÂŁ Ă”ĂąĂŻ /admin/questions/new                 5.43 kB         251 kB
Ă”Ă¶ÂŁ Ă”ĂąĂŻ /admin/reviews                       5.02 kB         443 kB
Ă”Ă¶ÂŁ Ă”ĂąĂŻ /admin/settings                      3.25 kB         249 kB
Ă”Ă¶ÂŁ Ă”ĂąĂŻ /admin/stats                         117 kB          359 kB
Ă”Ă¶ÂŁ Ă”ĂąĂŻ /admin/users                         5.28 kB         402 kB
Ă”Ă¶ÂŁ Ă”ĂąĂŻ /admin/users/details                 5.63 kB         248 kB
Ă”Ă¶ÂŁ Ă”ĂąĂŻ /ai-quiz                             6.75 kB         261 kB
Ă”Ă¶ÂŁ Ă”ĂąĂŻ /ai-quiz/session                     5.94 kB         264 kB
Ă”Ă¶ÂŁ ĂŁĂ† /api/admin/delete-user               154 B           106 kB
Ă”Ă¶ÂŁ ĂŁĂ† /api/admin/sync-users                154 B           106 kB
Ă”Ă¶ÂŁ ĂŁĂ† /api/admin/test-email                154 B           106 kB
Ă”Ă¶ÂŁ ĂŁĂ† /api/welcome                         154 B           106 kB
Ă”Ă¶ÂŁ Ă”ĂąĂŻ /contact                             3.97 kB         122 kB
Ă”Ă¶ÂŁ Ă”ĂąĂŻ /dashboard                           7.85 kB         305 kB
Ă”Ă¶ÂŁ Ă”ĂąĂŻ /exam                                7.99 kB         305 kB
Ă”Ă¶ÂŁ Ă”ĂąĂŻ /forgot-password                     7.13 kB         300 kB
Ă”Ă¶ÂŁ Ă”ĂąĂŻ /icon.svg                            0 B                0 B
Ă”Ă¶ÂŁ Ă”ĂąĂŻ /interview                           4.62 kB         259 kB
Ă”Ă¶ÂŁ Ă”ĂąĂŻ /login                               6.25 kB         261 kB
Ă”Ă¶ÂŁ Ă”ĂąĂŻ /onboarding                          4.92 kB         298 kB
Ă”Ă¶ÂŁ Ă”ĂąĂŻ /privacy                             184 B           110 kB
Ă”Ă¶ÂŁ Ă”ĂąĂŻ /profile                             183 kB          477 kB
Ă”Ă¶ÂŁ Ă”ĂąĂŻ /register                            6.5 kB          261 kB
Ă”Ă¶ÂŁ Ă”ĂąĂŻ /resetpassword                       6.79 kB         296 kB
Ă”Ă¶ÂŁ Ă”ĂąĂŻ /review                              4.72 kB         308 kB
Ă”Ă¶ÂŁ Ă”ĂąĂŻ /reviews                             6.16 kB         306 kB
Ă”Ă¶ÂŁ Ă”ĂąĂŻ /terms                               184 B           110 kB
Ă”Ă¶ÂŁ Ă”ĂąĂŻ /training                            4.22 kB         301 kB
Ă”Ă¶ÂŁ Ă”ĂąĂ… /training/[themeId]                  6.85 kB         310 kB
Ă”Ă¶ÂŁ   Ă”Ă¶ÂŁ /training/vals_principes
Ă”Ă¶ÂŁ   Ă”Ă¶ÂŁ /training/histoire
Ă”Ă¶ÂŁ   Ă”Ă¶ÂŁ /training/geographie
Ă”Ă¶ÂŁ   Ă”Ă¶Ă¶ [+3 more paths]
Ă”Ă¶Ă¶ Ă”ĂąĂŻ /training/culture                    12.3 kB         305 kB
+ First Load JS shared by all            106 kB
  Ă”Ă¶ÂŁ chunks/1517-fc776d7481dc2db6.js      50.7 kB
  Ă”Ă¶ÂŁ chunks/4bd1b696-b34e33ff539247ad.js  53 kB
  Ă”Ă¶Ă¶ other shared chunks (total)          2.13 kB


Ă”ĂąĂŻ  (Static)   prerendered as static content
Ă”ĂąĂ…  (SSG)      prerendered as static HTML (uses generateStaticParams)
ĂŁĂ†  (Dynamic)  server-rendered on demand

