
> qcm-app@0.1.0 lint
> eslint


D:\Antigravity-project\QCM-Application\qcm-app\middleware.ts
  4:28  warning  'request' is defined but never used  @typescript-eslint/no-unused-vars

D:\Antigravity-project\QCM-Application\qcm-app\src\app\admin\layout.tsx
  116:18  error  Error: Cannot create components during render

Components created during render will reset their state each time they are created. Declare components outside of render.

D:\Antigravity-project\QCM-Application\qcm-app\src\app\admin\layout.tsx:116:18
  114 |                 aria-label="Panneau d'administration"
  115 |             >
> 116 |                 <SidebarContent />
      |                  ^^^^^^^^^^^^^^ This component is created during render
  117 |             </aside>
  118 |
  119 |             {/* Mobile overlay */}

D:\Antigravity-project\QCM-Application\qcm-app\src\app\admin\layout.tsx:50:28
   48 |     };
   49 |
>  50 |     const SidebarContent = () => (
      |                            ^^^^^^^
>  51 |         <div className="flex flex-col h-full">
      | ^^^^^^^^^^^^^^^^^^^^^^^^^^^^^^^^^^^^^^^^^^^^^^
>  52 |             {/* Logo / Brand */}
      
      | ^^^^^^^^^^^^^^^^^^^^^^^^^^^^^^^^^^^^^^^^^^^^^^
> 106 |         </div>
      | ^^^^^^^^^^^^^^^^^^^^^^^^^^^^^^^^^^^^^^^^^^^^^^
> 107 |     );
      | ^^^^^^ The component is created during render here
  108 |
  109 |     return (
  110 |         <div className="flex h-screen bg-gray-50 overflow-hidden">  react-hooks/static-components
  135:18  error  Error: Cannot create components during render

Components created during render will reset their state each time they are created. Declare components outside of render.

D:\Antigravity-project\QCM-Application\qcm-app\src\app\admin\layout.tsx:135:18
  133 |                 ].join(' ')}
  134 |             >
> 135 |                 <SidebarContent />
      |                  ^^^^^^^^^^^^^^ This component is created during render
  136 |             </aside>
  137 |
  138 |             {/* Main content */}

D:\Antigravity-project\QCM-Application\qcm-app\src\app\admin\layout.tsx:50:28
   48 |     };
   49 |
>  50 |     const SidebarContent = () => (
      |                            ^^^^^^^
>  51 |         <div className="flex flex-col h-full">
      | ^^^^^^^^^^^^^^^^^^^^^^^^^^^^^^^^^^^^^^^^^^^^^^
>  52 |             {/* Logo / Brand */}
      
      | ^^^^^^^^^^^^^^^^^^^^^^^^^^^^^^^^^^^^^^^^^^^^^^
> 106 |         </div>
      | ^^^^^^^^^^^^^^^^^^^^^^^^^^^^^^^^^^^^^^^^^^^^^^
> 107 |     );
      | ^^^^^^ The component is created during render here
  108 |
  109 |     return (
  110 |         <div className="flex h-screen bg-gray-50 overflow-hidden">                             react-hooks/static-components

D:\Antigravity-project\QCM-Application\qcm-app\src\app\admin\questions\page.tsx
  31:23  error  Error: Calling setState synchronously within an effect can trigger cascading renders

Effects are intended to synchronize state between React and external systems such as manually updating the DOM, state management libraries, or other platform APIs. In general, the body of an effect should do one or both of the following:
* Update external systems with the latest state from React.
* Subscribe for updates from some external system, calling setState in a callback function when external state changes.

Calling setState synchronously within an effect body causes cascading renders that can hurt performance, and is not recommended. (https://react.dev/learn/you-might-not-need-an-effect).

D:\Antigravity-project\QCM-Application\qcm-app\src\app\admin\questions\page.tsx:31:23
  29 |     }, []);
  30 |
> 31 |     useEffect(() => { load(); }, [load]);
     |                       ^^^^ Avoid calling setState() directly within an effect
  32 |
  33 |     useEffect(() => {
  34 |         let list = questions;                                                                                                              react-hooks/set-state-in-effect
  41:9   error  Error: Calling setState synchronously within an effect can trigger cascading renders

Effects are intended to synchronize state between React and external systems such as manually updating the DOM, state management libraries, or other platform APIs. In general, the body of an effect should do one or both of the following:
* Update external systems with the latest state from React.
* Subscribe for updates from some external system, calling setState in a callback function when external state changes.

Calling setState synchronously within an effect body causes cascading renders that can hurt performance, and is not recommended. (https://react.dev/learn/you-might-not-need-an-effect).

D:\Antigravity-project\QCM-Application\qcm-app\src\app\admin\questions\page.tsx:41:9
  39 |             list = list.filter(q => q.question.toLowerCase().includes(s));
  40 |         }
> 41 |         setFiltered(list);
     |         ^^^^^^^^^^^ Avoid calling setState() directly within an effect
  42 |     }, [search, filterTheme, filterLevel, questions]);
  43 |
  44 |     const toggleActive = async (q: AdminQuestion) => {  react-hooks/set-state-in-effect

D:\Antigravity-project\QCM-Application\qcm-app\src\app\admin\users\page.tsx
  30:23  error  Error: Calling setState synchronously within an effect can trigger cascading renders

Effects are intended to synchronize state between React and external systems such as manually updating the DOM, state management libraries, or other platform APIs. In general, the body of an effect should do one or both of the following:
* Update external systems with the latest state from React.
* Subscribe for updates from some external system, calling setState in a callback function when external state changes.

Calling setState synchronously within an effect body causes cascading renders that can hurt performance, and is not recommended. (https://react.dev/learn/you-might-not-need-an-effect).

D:\Antigravity-project\QCM-Application\qcm-app\src\app\admin\users\page.tsx:30:23
  28 |     }, []);
  29 |
> 30 |     useEffect(() => { loadUsers(); }, [loadUsers]);
     |                       ^^^^^^^^^ Avoid calling setState() directly within an effect
  31 |
  32 |     useEffect(() => {
  33 |         const q = search.toLowerCase();                                                                            react-hooks/set-state-in-effect
  34:9   error  Error: Calling setState synchronously within an effect can trigger cascading renders

Effects are intended to synchronize state between React and external systems such as manually updating the DOM, state management libraries, or other platform APIs. In general, the body of an effect should do one or both of the following:
* Update external systems with the latest state from React.
* Subscribe for updates from some external system, calling setState in a callback function when external state changes.

Calling setState synchronously within an effect body causes cascading renders that can hurt performance, and is not recommended. (https://react.dev/learn/you-might-not-need-an-effect).

D:\Antigravity-project\QCM-Application\qcm-app\src\app\admin\users\page.tsx:34:9
  32 |     useEffect(() => {
  33 |         const q = search.toLowerCase();
> 34 |         setFiltered(users.filter(u =>
     |         ^^^^^^^^^^^ Avoid calling setState() directly within an effect
  35 |             u.displayName.toLowerCase().includes(q) ||
  36 |             u.email.toLowerCase().includes(q)
  37 |         ));  react-hooks/set-state-in-effect

D:\Antigravity-project\QCM-Application\qcm-app\src\app\ai-quiz\session\page.tsx
    9:25  warning  'AIQuestion' is defined but never used                                                                                                                                                                                                                                                                                                                                                                                                                                                                                                                                                                                                                                                                                                                                                                                                                                                                                                                                                                                                                                                                                                                                                                                                @typescript-eslint/no-unused-vars
   16:7   warning  'NIVEAU_LABELS' is assigned a value but never used                                                                                                                                                                                                                                                                                                                                                                                                                                                                                                                                                                                                                                                                                                                                                                                                                                                                                                                                                                                                                                                                                                                                                                                    @typescript-eslint/no-unused-vars
  322:9   error    Error: Calling setState synchronously within an effect can trigger cascading renders

Effects are intended to synchronize state between React and external systems such as manually updating the DOM, state management libraries, or other platform APIs. In general, the body of an effect should do one or both of the following:
* Update external systems with the latest state from React.
* Subscribe for updates from some external system, calling setState in a callback function when external state changes.

Calling setState synchronously within an effect body causes cascading renders that can hurt performance, and is not recommended. (https://react.dev/learn/you-might-not-need-an-effect).

D:\Antigravity-project\QCM-Application\qcm-app\src\app\ai-quiz\session\page.tsx:322:9
  320 |         const stored = getLastSession();
  321 |         if (!stored) { router.push('/ai-quiz'); return; }
> 322 |         setSession(stored);
      |         ^^^^^^^^^^ Avoid calling setState() directly within an effect
  323 |     }, [authLoading, user, router, getLastSession]);
  324 |
  325 |     const handleFinish = useCallback(async (finalAnswers: Record<number, number>, timeSpent: number) => {  react-hooks/set-state-in-effect

D:\Antigravity-project\QCM-Application\qcm-app\src\app\cleanup\page.tsx
  16:12  warning  'total' is assigned a value but never used  @typescript-eslint/no-unused-vars

D:\Antigravity-project\QCM-Application\qcm-app\src\components\features\dashboard\Dashboard.tsx
   5:10  warning  'Button' is defined but never used        @typescript-eslint/no-unused-vars
  23:58  error    Unexpected any. Specify a different type  @typescript-eslint/no-explicit-any

D:\Antigravity-project\QCM-Application\qcm-app\src\components\features\exam\ExamSession.tsx
  14:10  warning  'useSoundEffects' is defined but never used  @typescript-eslint/no-unused-vars

D:\Antigravity-project\QCM-Application\qcm-app\src\components\features\training\TrainingSession.tsx
  40:12  warning  'reviewQuestions' is assigned a value but never used                                                                                                                                                                                                                                                                                                                                                                                                                                                                                                                                                                                                                                                                                                                                                                                                                                                                                                                                                                                                                                                        @typescript-eslint/no-unused-vars
  64:30  error    Error: Calling setState synchronously within an effect can trigger cascading renders

Effects are intended to synchronize state between React and external systems such as manually updating the DOM, state management libraries, or other platform APIs. In general, the body of an effect should do one or both of the following:
* Update external systems with the latest state from React.
* Subscribe for updates from some external system, calling setState in a callback function when external state changes.

Calling setState synchronously within an effect body causes cascading renders that can hurt performance, and is not recommended. (https://react.dev/learn/you-might-not-need-an-effect).

D:\Antigravity-project\QCM-Application\qcm-app\src\components\features\training\TrainingSession.tsx:64:30
  62 |
  63 |     useEffect(() => {
> 64 |         if (user && themeId) loadQuestions();
     |                              ^^^^^^^^^^^^^ Avoid calling setState() directly within an effect
  65 |     }, [user, themeId, loadQuestions]);
  66 |
  67 |     //  Audio   react-hooks/set-state-in-effect

D:\Antigravity-project\QCM-Application\qcm-app\src\components\features\training\TrainingThemeList.tsx
  90:9  error  Error: Calling setState synchronously within an effect can trigger cascading renders

Effects are intended to synchronize state between React and external systems such as manually updating the DOM, state management libraries, or other platform APIs. In general, the body of an effect should do one or both of the following:
* Update external systems with the latest state from React.
* Subscribe for updates from some external system, calling setState in a callback function when external state changes.

Calling setState synchronously within an effect body causes cascading renders that can hurt performance, and is not recommended. (https://react.dev/learn/you-might-not-need-an-effect).

D:\Antigravity-project\QCM-Application\qcm-app\src\components\features\training\TrainingThemeList.tsx:90:9
  88 |         if (!user) return;
  89 |
> 90 |         setStatsLoading(true);
     |         ^^^^^^^^^^^^^^^ Avoid calling setState() directly within an effect
  91 |         setCountsLoading(true);
  92 |
  93 |         Promise.all([  react-hooks/set-state-in-effect

D:\Antigravity-project\QCM-Application\qcm-app\src\services\admin.service.ts
  181:9   warning  Unused eslint-disable directive (no problems were reported from '@typescript-eslint/no-explicit-any')
  183:53  error    Unexpected any. Specify a different type                                                               @typescript-eslint/no-explicit-any

D:\Antigravity-project\QCM-Application\qcm-app\src\services\user.service.ts
  211:34  error  Unexpected any. Specify a different type  @typescript-eslint/no-explicit-any
  211:66  error  Unexpected any. Specify a different type  @typescript-eslint/no-explicit-any
  212:34  error  Unexpected any. Specify a different type  @typescript-eslint/no-explicit-any
  212:66  error  Unexpected any. Specify a different type  @typescript-eslint/no-explicit-any

 23 problems (15 errors, 8 warnings)
  0 errors and 1 warning potentially fixable with the `--fix` option.

